[
  {
    "line": 5,
    "elements": [
      {
        "start_timestamp": "2024-11-15T23:30:32.012Z",
        "line": 21,
        "name": "As a user of Parabank, login should pass with valid credential",
        "description": "",
        "id": "login-fuction;as-a-user-of-parabank--login-should-pass-with-valid-credential;;2",
        "type": "scenario",
        "keyword": "Scenario Outline",
        "steps": [
          {
            "result": {
              "duration": 4598967200,
              "status": "passed"
            },
            "line": 12,
            "name": "open browser",
            "match": {
              "location": "SrefDef.open_browser()"
            },
            "keyword": "Given "
          },
          {
            "result": {
              "duration": 1625352400,
              "status": "passed"
            },
            "line": 13,
            "name": "go to para bank application",
            "match": {
              "location": "SrefDef.go_to_para_bank_application()"
            },
            "keyword": "And "
          },
          {
            "result": {
              "duration": 307528400,
              "status": "passed"
            },
            "line": 14,
            "name": "put valid user name \"Row2_Col1\"",
            "match": {
              "arguments": [
                {
                  "val": "\"Row2_Col1\"",
                  "offset": 20
                }
              ],
              "location": "SrefDef.put_valid_user_name(String)"
            },
            "keyword": "When "
          },
          {
            "result": {
              "duration": 272158300,
              "status": "passed"
            },
            "line": 15,
            "name": "put valid password  \"Row2_Col2\"",
            "match": {
              "arguments": [
                {
                  "val": "\"Row2_Col2\"",
                  "offset": 20
                }
              ],
              "location": "SrefDef.put_valid_password(String)"
            },
            "keyword": "And "
          },
          {
            "result": {
              "duration": 620665800,
              "status": "passed"
            },
            "line": 16,
            "name": "click login button",
            "match": {
              "location": "SrefDef.click_login_button()"
            },
            "keyword": "And "
          },
          {
            "result": {
              "error_message": "java.lang.AssertionError: expected [true] but found [false]\r\n\tat org.testng.Assert.fail(Assert.java:99)\r\n\tat org.testng.Assert.failNotEquals(Assert.java:1037)\r\n\tat org.testng.Assert.assertTrue(Assert.java:45)\r\n\tat org.testng.Assert.assertTrue(Assert.java:55)\r\n\tat com.generic.SrefDef.login_should_pass_and_login_button_should_visible(SrefDef.java:78)\r\n\tat ✽.login should pass and login button should visible(file:src/main/resources/ParaBankLoginValidMaltipleCredential.feature:17)\r\n",
              "duration": 14901900,
              "status": "failed"
            },
            "line": 17,
            "name": "login should pass and login button should visible",
            "match": {
              "location": "SrefDef.login_should_pass_and_login_button_should_visible()"
            },
            "keyword": "Then "
          }
        ],
        "tags": [
          {
            "name": "@Smoke"
          },
          {
            "name": "@Regression"
          },
          {
            "name": "@Fuction"
          },
          {
            "name": "@Positive"
          },
          {
            "name": "@TC-1234"
          }
        ]
      },
      {
        "start_timestamp": "2024-11-15T23:30:39.485Z",
        "line": 22,
        "name": "As a user of Parabank, login should pass with valid credential",
        "description": "",
        "id": "login-fuction;as-a-user-of-parabank--login-should-pass-with-valid-credential;;3",
        "type": "scenario",
        "keyword": "Scenario Outline",
        "steps": [
          {
            "result": {
              "duration": 3104900300,
              "status": "passed"
            },
            "line": 12,
            "name": "open browser",
            "match": {
              "location": "SrefDef.open_browser()"
            },
            "keyword": "Given "
          },
          {
            "result": {
              "duration": 1418944900,
              "status": "passed"
            },
            "line": 13,
            "name": "go to para bank application",
            "match": {
              "location": "SrefDef.go_to_para_bank_application()"
            },
            "keyword": "And "
          },
          {
            "result": {
              "duration": 334116400,
              "status": "passed"
            },
            "line": 14,
            "name": "put valid user name \"Row3_Col1\"",
            "match": {
              "arguments": [
                {
                  "val": "\"Row3_Col1\"",
                  "offset": 20
                }
              ],
              "location": "SrefDef.put_valid_user_name(String)"
            },
            "keyword": "When "
          },
          {
            "result": {
              "duration": 223755400,
              "status": "passed"
            },
            "line": 15,
            "name": "put valid password  \"Row3_Col2\"",
            "match": {
              "arguments": [
                {
                  "val": "\"Row3_Col2\"",
                  "offset": 20
                }
              ],
              "location": "SrefDef.put_valid_password(String)"
            },
            "keyword": "And "
          },
          {
            "result": {
              "duration": 718946700,
              "status": "passed"
            },
            "line": 16,
            "name": "click login button",
            "match": {
              "location": "SrefDef.click_login_button()"
            },
            "keyword": "And "
          },
          {
            "result": {
              "error_message": "java.lang.AssertionError: expected [true] but found [false]\r\n\tat org.testng.Assert.fail(Assert.java:99)\r\n\tat org.testng.Assert.failNotEquals(Assert.java:1037)\r\n\tat org.testng.Assert.assertTrue(Assert.java:45)\r\n\tat org.testng.Assert.assertTrue(Assert.java:55)\r\n\tat com.generic.SrefDef.login_should_pass_and_login_button_should_visible(SrefDef.java:78)\r\n\tat ✽.login should pass and login button should visible(file:src/main/resources/ParaBankLoginValidMaltipleCredential.feature:17)\r\n",
              "duration": 474500,
              "status": "failed"
            },
            "line": 17,
            "name": "login should pass and login button should visible",
            "match": {
              "location": "SrefDef.login_should_pass_and_login_button_should_visible()"
            },
            "keyword": "Then "
          }
        ],
        "tags": [
          {
            "name": "@Smoke"
          },
          {
            "name": "@Regression"
          },
          {
            "name": "@Fuction"
          },
          {
            "name": "@Positive"
          },
          {
            "name": "@TC-1234"
          }
        ]
      },
      {
        "start_timestamp": "2024-11-15T23:30:45.312Z",
        "line": 23,
        "name": "As a user of Parabank, login should pass with valid credential",
        "description": "",
        "id": "login-fuction;as-a-user-of-parabank--login-should-pass-with-valid-credential;;4",
        "type": "scenario",
        "keyword": "Scenario Outline",
        "steps": [
          {
            "result": {
              "duration": 5372336000,
              "status": "passed"
            },
            "line": 12,
            "name": "open browser",
            "match": {
              "location": "SrefDef.open_browser()"
            },
            "keyword": "Given "
          },
          {
            "result": {
              "duration": 1327841700,
              "status": "passed"
            },
            "line": 13,
            "name": "go to para bank application",
            "match": {
              "location": "SrefDef.go_to_para_bank_application()"
            },
            "keyword": "And "
          },
          {
            "result": {
              "duration": 375391600,
              "status": "passed"
            },
            "line": 14,
            "name": "put valid user name \"Row4_Col1\"",
            "match": {
              "arguments": [
                {
                  "val": "\"Row4_Col1\"",
                  "offset": 20
                }
              ],
              "location": "SrefDef.put_valid_user_name(String)"
            },
            "keyword": "When "
          },
          {
            "result": {
              "error_message": "org.openqa.selenium.remote.UnreachableBrowserException: Error communicating with the remote browser. It may have died.\nBuild info: version: \u00274.25.0\u0027, revision: \u00278a8aea2337\u0027\nSystem info: os.name: \u0027Windows 10\u0027, os.arch: \u0027amd64\u0027, os.version: \u002710.0\u0027, java.version: \u002723\u0027\nDriver info: org.openqa.selenium.chrome.ChromeDriver\nCommand: [be9fa68b2ee44f01f2e78f1b6885de97, sendKeysToElement [value, id]]\nCapabilities {acceptInsecureCerts: false, browserName: chrome, browserVersion: 131.0.6778.69, chrome: {chromedriverVersion: 131.0.6778.69 (77e2244bbcda..., userDataDir: C:\\Users\\Owner\\AppData\\Loca...}, fedcm:accounts: true, goog:chromeOptions: {debuggerAddress: localhost:54419}, networkConnectionEnabled: false, pageLoadStrategy: normal, platformName: windows, proxy: Proxy(), se:cdp: ws://localhost:54419/devtoo..., se:cdpVersion: 131.0.6778.69, setWindowRect: true, strictFileInteractability: false, timeouts: {implicit: 0, pageLoad: 300000, script: 30000}, unhandledPromptBehavior: dismiss and notify, webauthn:extension:credBlob: true, webauthn:extension:largeBlob: true, webauthn:extension:minPinLength: true, webauthn:extension:prf: true, webauthn:virtualAuthenticators: true}\nElement: [[ChromeDriver: chrome on windows (be9fa68b2ee44f01f2e78f1b6885de97)] -\u003e xpath: //*[@name\u003d\u0027password\u0027]]\nSession ID: be9fa68b2ee44f01f2e78f1b6885de97\r\n\tat org.openqa.selenium.remote.RemoteWebDriver.execute(RemoteWebDriver.java:572)\r\n\tat org.openqa.selenium.remote.RemoteWebElement.execute(RemoteWebElement.java:223)\r\n\tat org.openqa.selenium.remote.RemoteWebElement.sendKeys(RemoteWebElement.java:110)\r\n\tat java.base/jdk.internal.reflect.DirectMethodHandleAccessor.invoke(DirectMethodHandleAccessor.java:103)\r\n\tat java.base/java.lang.reflect.Method.invoke(Method.java:580)\r\n\tat org.openqa.selenium.support.pagefactory.internal.LocatingElementHandler.invoke(LocatingElementHandler.java:51)\r\n\tat jdk.proxy2/jdk.proxy2.$Proxy20.sendKeys(Unknown Source)\r\n\tat com.generic.SrefDef.put_valid_password(SrefDef.java:161)\r\n\tat ✽.put valid password  \"Row4_Col2\"(file:src/main/resources/ParaBankLoginValidMaltipleCredential.feature:15)\r\nCaused by: java.io.UncheckedIOException: java.io.IOException: HTTP/1.1 header parser received no bytes\r\n\tat org.openqa.selenium.remote.http.jdk.JdkHttpClient.execute0(JdkHttpClient.java:458)\r\n\tat org.openqa.selenium.remote.http.AddSeleniumUserAgent.lambda$apply$0(AddSeleniumUserAgent.java:42)\r\n\tat org.openqa.selenium.remote.http.Filter.lambda$andFinally$1(Filter.java:55)\r\n\tat org.openqa.selenium.remote.http.jdk.JdkHttpClient.execute(JdkHttpClient.java:374)\r\n\tat org.openqa.selenium.remote.HttpCommandExecutor.execute(HttpCommandExecutor.java:187)\r\n\tat org.openqa.selenium.remote.service.DriverCommandExecutor.invokeExecute(DriverCommandExecutor.java:216)\r\n\tat org.openqa.selenium.remote.service.DriverCommandExecutor.execute(DriverCommandExecutor.java:174)\r\n\tat org.openqa.selenium.remote.RemoteWebDriver.execute(RemoteWebDriver.java:545)\r\n\tat org.openqa.selenium.remote.RemoteWebElement.execute(RemoteWebElement.java:223)\r\n\tat org.openqa.selenium.remote.RemoteWebElement.sendKeys(RemoteWebElement.java:110)\r\n\tat java.base/jdk.internal.reflect.DirectMethodHandleAccessor.invoke(DirectMethodHandleAccessor.java:103)\r\n\tat java.base/java.lang.reflect.Method.invoke(Method.java:580)\r\n\tat org.openqa.selenium.support.pagefactory.internal.LocatingElementHandler.invoke(LocatingElementHandler.java:51)\r\n\tat jdk.proxy2/jdk.proxy2.$Proxy20.sendKeys(Unknown Source)\r\n\tat com.generic.SrefDef.put_valid_password(SrefDef.java:161)\r\n\tat java.base/jdk.internal.reflect.DirectMethodHandleAccessor.invoke(DirectMethodHandleAccessor.java:103)\r\n\tat java.base/java.lang.reflect.Method.invoke(Method.java:580)\r\n\tat cucumber.runtime.Utils$1.call(Utils.java:26)\r\n\tat cucumber.runtime.Timeout.timeout(Timeout.java:16)\r\n\tat cucumber.runtime.Utils.invoke(Utils.java:20)\r\n\tat cucumber.runtime.java.JavaStepDefinition.execute(JavaStepDefinition.java:57)\r\n\tat cucumber.runner.PickleStepDefinitionMatch.runStep(PickleStepDefinitionMatch.java:50)\r\n\tat cucumber.runner.TestStep.executeStep(TestStep.java:65)\r\n\tat cucumber.runner.TestStep.run(TestStep.java:50)\r\n\tat cucumber.runner.PickleStepTestStep.run(PickleStepTestStep.java:43)\r\n\tat cucumber.runner.TestCase.run(TestCase.java:46)\r\n\tat cucumber.runner.Runner.runPickle(Runner.java:50)\r\n\tat io.cucumber.testng.TestNGCucumberRunner.runScenario(TestNGCucumberRunner.java:69)\r\n\tat io.cucumber.testng.AbstractTestNGCucumberTests.runScenario(AbstractTestNGCucumberTests.java:24)\r\n\tat java.base/jdk.internal.reflect.DirectMethodHandleAccessor.invoke(DirectMethodHandleAccessor.java:103)\r\n\tat java.base/java.lang.reflect.Method.invoke(Method.java:580)\r\n\tat org.testng.internal.MethodInvocationHelper.invokeMethod(MethodInvocationHelper.java:133)\r\n\tat org.testng.internal.TestInvoker.invokeMethod(TestInvoker.java:598)\r\n\tat org.testng.internal.TestInvoker.invokeTestMethod(TestInvoker.java:173)\r\n\tat org.testng.internal.MethodRunner.runInSequence(MethodRunner.java:46)\r\n\tat org.testng.internal.TestInvoker$MethodInvocationAgent.invoke(TestInvoker.java:824)\r\n\tat org.testng.internal.TestInvoker.invokeTestMethods(TestInvoker.java:146)\r\n\tat org.testng.internal.TestMethodWorker.invokeTestMethods(TestMethodWorker.java:146)\r\n\tat org.testng.internal.TestMethodWorker.run(TestMethodWorker.java:128)\r\n\tat java.base/java.util.ArrayList.forEach(ArrayList.java:1597)\r\n\tat org.testng.TestRunner.privateRun(TestRunner.java:794)\r\n\tat org.testng.TestRunner.run(TestRunner.java:596)\r\n\tat org.testng.SuiteRunner.runTest(SuiteRunner.java:377)\r\n\tat org.testng.SuiteRunner.runSequentially(SuiteRunner.java:371)\r\n\tat org.testng.SuiteRunner.privateRun(SuiteRunner.java:332)\r\n\tat org.testng.SuiteRunner.run(SuiteRunner.java:276)\r\n\tat org.testng.SuiteRunnerWorker.runSuite(SuiteRunnerWorker.java:53)\r\n\tat org.testng.SuiteRunnerWorker.run(SuiteRunnerWorker.java:96)\r\n\tat org.testng.TestNG.runSuitesSequentially(TestNG.java:1212)\r\n\tat org.testng.TestNG.runSuitesLocally(TestNG.java:1134)\r\n\tat org.testng.TestNG.runSuites(TestNG.java:1063)\r\n\tat org.testng.TestNG.run(TestNG.java:1031)\r\n\tat org.apache.maven.surefire.testng.TestNGExecutor.run(TestNGExecutor.java:324)\r\n\tat org.apache.maven.surefire.testng.TestNGXmlTestSuite.execute(TestNGXmlTestSuite.java:74)\r\n\tat org.apache.maven.surefire.testng.TestNGProvider.invoke(TestNGProvider.java:123)\r\n\tat org.apache.maven.surefire.booter.ForkedBooter.runSuitesInProcess(ForkedBooter.java:456)\r\n\tat org.apache.maven.surefire.booter.ForkedBooter.execute(ForkedBooter.java:169)\r\n\tat org.apache.maven.surefire.booter.ForkedBooter.run(ForkedBooter.java:595)\r\n\tat org.apache.maven.surefire.booter.ForkedBooter.main(ForkedBooter.java:581)\r\nCaused by: java.io.IOException: HTTP/1.1 header parser received no bytes\r\n\tat java.net.http/jdk.internal.net.http.common.Utils.wrapWithExtraDetail(Utils.java:440)\r\n\tat java.net.http/jdk.internal.net.http.Http1Response$HeadersReader.onReadError(Http1Response.java:590)\r\n\tat java.net.http/jdk.internal.net.http.Http1AsyncReceiver.checkForErrors(Http1AsyncReceiver.java:302)\r\n\tat java.net.http/jdk.internal.net.http.Http1AsyncReceiver.flush(Http1AsyncReceiver.java:268)\r\n\tat java.net.http/jdk.internal.net.http.common.SequentialScheduler$LockingRestartableTask.run(SequentialScheduler.java:182)\r\n\tat java.net.http/jdk.internal.net.http.common.SequentialScheduler$CompleteRestartableTask.run(SequentialScheduler.java:149)\r\n\tat java.net.http/jdk.internal.net.http.common.SequentialScheduler$SchedulableTask.run(SequentialScheduler.java:207)\r\n\tat java.base/java.util.concurrent.ThreadPoolExecutor.runWorker(ThreadPoolExecutor.java:1144)\r\n\tat java.base/java.util.concurrent.ThreadPoolExecutor$Worker.run(ThreadPoolExecutor.java:642)\r\n\tat java.base/java.lang.Thread.run(Thread.java:1575)\r\nCaused by: java.net.SocketException: Connection reset\r\n\tat java.base/sun.nio.ch.SocketChannelImpl.throwConnectionReset(SocketChannelImpl.java:403)\r\n\tat java.base/sun.nio.ch.SocketChannelImpl.implRead(SocketChannelImpl.java:435)\r\n\tat java.base/sun.nio.ch.SocketChannelImpl.read(SocketChannelImpl.java:493)\r\n\tat java.net.http/jdk.internal.net.http.SocketTube.readAvailable(SocketTube.java:1178)\r\n\tat java.net.http/jdk.internal.net.http.SocketTube$InternalReadPublisher$InternalReadSubscription.read(SocketTube.java:841)\r\n\tat java.net.http/jdk.internal.net.http.SocketTube$SocketFlowTask.run(SocketTube.java:181)\r\n\tat java.net.http/jdk.internal.net.http.common.SequentialScheduler$SchedulableTask.run(SequentialScheduler.java:207)\r\n\tat java.net.http/jdk.internal.net.http.common.SequentialScheduler.runOrSchedule(SequentialScheduler.java:280)\r\n\tat java.net.http/jdk.internal.net.http.common.SequentialScheduler.runOrSchedule(SequentialScheduler.java:233)\r\n\tat java.net.http/jdk.internal.net.http.SocketTube$InternalReadPublisher$InternalReadSubscription.signalReadable(SocketTube.java:782)\r\n\tat java.net.http/jdk.internal.net.http.SocketTube$InternalReadPublisher$ReadEvent.signalEvent(SocketTube.java:965)\r\n\tat java.net.http/jdk.internal.net.http.SocketTube$SocketFlowEvent.handle(SocketTube.java:253)\r\n\tat java.net.http/jdk.internal.net.http.HttpClientImpl$SelectorManager.handleEvent(HttpClientImpl.java:1476)\r\n\tat java.net.http/jdk.internal.net.http.HttpClientImpl$SelectorManager.lambda$run$3(HttpClientImpl.java:1421)\r\n\tat java.base/java.util.ArrayList.forEach(ArrayList.java:1597)\r\n\tat java.net.http/jdk.internal.net.http.HttpClientImpl$SelectorManager.run(HttpClientImpl.java:1421)\r\n",
              "duration": 3762366600,
              "status": "failed"
            },
            "line": 15,
            "name": "put valid password  \"Row4_Col2\"",
            "match": {
              "arguments": [
                {
                  "val": "\"Row4_Col2\"",
                  "offset": 20
                }
              ],
              "location": "SrefDef.put_valid_password(String)"
            },
            "keyword": "And "
          },
          {
            "result": {
              "duration": 23400,
              "status": "skipped"
            },
            "line": 16,
            "name": "click login button",
            "match": {
              "location": "SrefDef.click_login_button()"
            },
            "keyword": "And "
          },
          {
            "result": {
              "duration": 6900,
              "status": "skipped"
            },
            "line": 17,
            "name": "login should pass and login button should visible",
            "match": {
              "location": "SrefDef.login_should_pass_and_login_button_should_visible()"
            },
            "keyword": "Then "
          }
        ],
        "tags": [
          {
            "name": "@Smoke"
          },
          {
            "name": "@Regression"
          },
          {
            "name": "@Fuction"
          },
          {
            "name": "@Positive"
          },
          {
            "name": "@TC-1234"
          }
        ]
      }
    ],
    "name": "Login fuction",
    "description": "",
    "id": "login-fuction",
    "keyword": "Feature",
    "uri": "file:src/main/resources/ParaBankLoginValidMaltipleCredential.feature",
    "tags": [
      {
        "name": "@Smoke",
        "type": "Tag",
        "location": {
          "line": 2,
          "column": 1
        }
      },
      {
        "name": "@Regression",
        "type": "Tag",
        "location": {
          "line": 2,
          "column": 8
        }
      },
      {
        "name": "@Fuction",
        "type": "Tag",
        "location": {
          "line": 2,
          "column": 20
        }
      }
    ]
  }
]